# JRE version: Java(TM) SE Runtime Environment (8.0_191-b12) (build 1.8.0_191-b12)
# Java VM: Java HotSpot(TM) 64-Bit Server VM (25.191-b12 mixed mode linux-amd64 compressed oops)
Heap:
 PSYoungGen      total 532992K, used 102860K [0x0000000773180000, 0x0000000799180000, 0x00000007c0000000)
  eden space 462848K, 22% used [0x0000000773180000,0x00000007795f3248,0x000000078f580000)
  from space 70144K, 0% used [0x0000000794d00000,0x0000000794d00000,0x0000000799180000)
  to   space 79872K, 0% used [0x000000078f580000,0x000000078f580000,0x0000000794380000)
 ParOldGen       total 365568K, used 178375K [0x00000006d9400000, 0x00000006ef900000, 0x0000000773180000)
  object space 365568K, 48% used [0x00000006d9400000,0x00000006e4231ee0,0x00000006ef900000)
 Metaspace       used 34812K, capacity 35552K, committed 35840K, reserved 1081344K
  class space    used 4334K, capacity 4504K, committed 4608K, reserved 1048576K
GC Heap History (10 events):
Event: 2,001 GC heap before
{Heap before GC invocations=6 (full 1):
 PSYoungGen      total 207360K, used 207344K [0x0000000773180000, 0x0000000782c80000, 0x00000007c0000000)
  eden space 197632K, 100% used [0x0000000773180000,0x000000077f280000,0x000000077f280000)
  from space 9728K, 99% used [0x0000000782300000,0x0000000782c7c230,0x0000000782c80000)
  to   space 9728K, 0% used [0x0000000781980000,0x0000000781980000,0x0000000782300000)
 ParOldGen       total 272896K, used 128612K [0x00000006d9400000, 0x00000006e9e80000, 0x0000000773180000)
  object space 272896K, 47% used [0x00000006d9400000,0x00000006e11990a0,0x00000006e9e80000)
 Metaspace       used 22330K, capacity 22712K, committed 22912K, reserved 1069056K
  class space    used 2459K, capacity 2565K, committed 2688K, reserved 1048576K
Event: 2,019 GC heap after
Heap after GC invocations=6 (full 1):
 PSYoungGen      total 247296K, used 9700K [0x0000000773180000, 0x0000000791180000, 0x00000007c0000000)
  eden space 237568K, 0% used [0x0000000773180000,0x0000000773180000,0x0000000781980000)
  from space 9728K, 99% used [0x0000000781980000,0x00000007822f9130,0x0000000782300000)
  to   space 87040K, 0% used [0x000000078bc80000,0x000000078bc80000,0x0000000791180000)
 ParOldGen       total 272896K, used 146348K [0x00000006d9400000, 0x00000006e9e80000, 0x0000000773180000)
  object space 272896K, 53% used [0x00000006d9400000,0x00000006e22eb3c8,0x00000006e9e80000)
 Metaspace       used 22330K, capacity 22712K, committed 22912K, reserved 1069056K
  class space    used 2459K, capacity 2565K, committed 2688K, reserved 1048576K
}
Event: 3,448 GC heap before
{Heap before GC invocations=7 (full 1):
 PSYoungGen      total 247296K, used 247268K [0x0000000773180000, 0x0000000791180000, 0x00000007c0000000)
  eden space 237568K, 100% used [0x0000000773180000,0x0000000781980000,0x0000000781980000)
  from space 9728K, 99% used [0x0000000781980000,0x00000007822f9130,0x0000000782300000)
  to   space 87040K, 0% used [0x000000078bc80000,0x000000078bc80000,0x0000000791180000)
 ParOldGen       total 272896K, used 146348K [0x00000006d9400000, 0x00000006e9e80000, 0x0000000773180000)
  object space 272896K, 53% used [0x00000006d9400000,0x00000006e22eb3c8,0x00000006e9e80000)
 Metaspace       used 22654K, capacity 23072K, committed 23168K, reserved 1069056K
  class space    used 2548K, capacity 2661K, committed 2688K, reserved 1048576K
Event: 3,457 GC heap after
Heap after GC invocations=7 (full 1):
 PSYoungGen      total 404480K, used 11508K [0x0000000773180000, 0x0000000794080000, 0x00000007c0000000)
  eden space 317440K, 0% used [0x0000000773180000,0x0000000773180000,0x0000000786780000)
  from space 87040K, 13% used [0x000000078bc80000,0x000000078c7bd010,0x0000000791180000)
  to   space 87040K, 0% used [0x0000000786780000,0x0000000786780000,0x000000078bc80000)
 ParOldGen       total 272896K, used 146356K [0x00000006d9400000, 0x00000006e9e80000, 0x0000000773180000)
  object space 272896K, 53% used [0x00000006d9400000,0x00000006e22ed3c8,0x00000006e9e80000)
 Metaspace       used 22654K, capacity 23072K, committed 23168K, reserved 1069056K
  class space    used 2548K, capacity 2661K, committed 2688K, reserved 1048576K
}
Event: 5,019 GC heap before
{Heap before GC invocations=8 (full 1):
 PSYoungGen      total 404480K, used 328948K [0x0000000773180000, 0x0000000794080000, 0x00000007c0000000)
  eden space 317440K, 100% used [0x0000000773180000,0x0000000786780000,0x0000000786780000)
  from space 87040K, 13% used [0x000000078bc80000,0x000000078c7bd010,0x0000000791180000)
  to   space 87040K, 0% used [0x0000000786780000,0x0000000786780000,0x000000078bc80000)
 ParOldGen       total 272896K, used 146356K [0x00000006d9400000, 0x00000006e9e80000, 0x0000000773180000)
  object space 272896K, 53% used [0x00000006d9400000,0x00000006e22ed3c8,0x00000006e9e80000)
 Metaspace       used 23456K, capacity 23838K, committed 24064K, reserved 1071104K
  class space    used 2636K, capacity 2764K, committed 2816K, reserved 1048576K
Event: 5,034 GC heap after
Heap after GC invocations=8 (full 1):
 PSYoungGen      total 404480K, used 19536K [0x0000000773180000, 0x0000000799e80000, 0x00000007c0000000)
  eden space 317440K, 0% used [0x0000000773180000,0x0000000773180000,0x0000000786780000)
  from space 87040K, 22% used [0x0000000786780000,0x0000000787a94140,0x000000078bc80000)
  to   space 83456K, 0% used [0x0000000794d00000,0x0000000794d00000,0x0000000799e80000)
 ParOldGen       total 272896K, used 146364K [0x00000006d9400000, 0x00000006e9e80000, 0x0000000773180000)
  object space 272896K, 53% used [0x00000006d9400000,0x00000006e22ef3c8,0x00000006e9e80000)
 Metaspace       used 23456K, capacity 23838K, committed 24064K, reserved 1071104K
  class space    used 2636K, capacity 2764K, committed 2816K, reserved 1048576K
}
Event: 5,618 GC heap before
{Heap before GC invocations=9 (full 1):
 PSYoungGen      total 404480K, used 317330K [0x0000000773180000, 0x0000000799e80000, 0x00000007c0000000)
  eden space 317440K, 93% used [0x0000000773180000,0x0000000785450a60,0x0000000786780000)
  from space 87040K, 22% used [0x0000000786780000,0x0000000787a94140,0x000000078bc80000)
  to   space 83456K, 0% used [0x0000000794d00000,0x0000000794d00000,0x0000000799e80000)
 ParOldGen       total 272896K, used 146364K [0x00000006d9400000, 0x00000006e9e80000, 0x0000000773180000)
  object space 272896K, 53% used [0x00000006d9400000,0x00000006e22ef3c8,0x00000006e9e80000)
 Metaspace       used 29663K, capacity 30322K, committed 30464K, reserved 1075200K
  class space    used 3660K, capacity 3801K, committed 3840K, reserved 1048576K
Event: 5,644 GC heap after
Heap after GC invocations=9 (full 1):
 PSYoungGen      total 532992K, used 39682K [0x0000000773180000, 0x0000000799180000, 0x00000007c0000000)
  eden space 462848K, 0% used [0x0000000773180000,0x0000000773180000,0x000000078f580000)
  from space 70144K, 56% used [0x0000000794d00000,0x00000007973c08c8,0x0000000799180000)
  to   space 79872K, 0% used [0x000000078f580000,0x000000078f580000,0x0000000794380000)
 ParOldGen       total 272896K, used 146436K [0x00000006d9400000, 0x00000006e9e80000, 0x0000000773180000)
  object space 272896K, 53% used [0x00000006d9400000,0x00000006e23013d8,0x00000006e9e80000)
 Metaspace       used 29663K, capacity 30322K, committed 30464K, reserved 1075200K
  class space    used 3660K, capacity 3801K, committed 3840K, reserved 1048576K
}
Event: 5,644 GC heap before
{Heap before GC invocations=10 (full 2):
 PSYoungGen      total 532992K, used 39682K [0x0000000773180000, 0x0000000799180000, 0x00000007c0000000)
  eden space 462848K, 0% used [0x0000000773180000,0x0000000773180000,0x000000078f580000)
  from space 70144K, 56% used [0x0000000794d00000,0x00000007973c08c8,0x0000000799180000)
  to   space 79872K, 0% used [0x000000078f580000,0x000000078f580000,0x0000000794380000)
 ParOldGen       total 272896K, used 146436K [0x00000006d9400000, 0x00000006e9e80000, 0x0000000773180000)
  object space 272896K, 53% used [0x00000006d9400000,0x00000006e23013d8,0x00000006e9e80000)
 Metaspace       used 29663K, capacity 30322K, committed 30464K, reserved 1075200K
  class space    used 3660K, capacity 3801K, committed 3840K, reserved 1048576K
Event: 5,753 GC heap after
Heap after GC invocations=10 (full 2):
 PSYoungGen      total 532992K, used 0K [0x0000000773180000, 0x0000000799180000, 0x00000007c0000000)
  eden space 462848K, 0% used [0x0000000773180000,0x0000000773180000,0x000000078f580000)
  from space 70144K, 0% used [0x0000000794d00000,0x0000000794d00000,0x0000000799180000)
  to   space 79872K, 0% used [0x000000078f580000,0x000000078f580000,0x0000000794380000)
 ParOldGen       total 365568K, used 178375K [0x00000006d9400000, 0x00000006ef900000, 0x0000000773180000)
  object space 365568K, 48% used [0x00000006d9400000,0x00000006e4231ee0,0x00000006ef900000)
 Metaspace       used 29663K, capacity 30322K, committed 30464K, reserved 1075200K
  class space    used 3660K, capacity 3801K, committed 3840K, reserved 1048576K
}

